<?xml version="1.0" encoding="UTF-8"?>
<testng-results ignored="0" total="1" passed="1" failed="0" skipped="0">
  <reporter-output>
  </reporter-output>
  <suite started-at="2024-12-14T11:40:34 IST" name="Default suite" finished-at="2024-12-14T11:40:43 IST" duration-ms="9050">
    <groups>
    </groups>
    <test started-at="2024-12-14T11:40:34 IST" name="Default test" finished-at="2024-12-14T11:40:43 IST" duration-ms="9050">
      <class name="demomvn.Scriptmvn1">
        <test-method signature="run()[pri:0, instance:demomvn.Scriptmvn1@750e2b97]" started-at="2024-12-14T11:40:34 IST" name="run" finished-at="2024-12-14T11:40:43 IST" duration-ms="8947" status="PASS">
          <reporter-output>
          </reporter-output>
        </test-method> <!-- run -->
      </class> <!-- demomvn.Scriptmvn1 -->
    </test> <!-- Default test -->
  </suite> <!-- Default suite -->
</testng-results>
